<?xml version="1.0" encoding="UTF-8"?>
<testsuite xmlns:xsi="http://www.w3.org/2001/XMLSchema-instance" xsi:noNamespaceSchemaLocation="https://maven.apache.org/surefire/maven-surefire-plugin/xsd/surefire-test-report.xsd" name="api.users.UsersRunner" time="15.884" tests="5" errors="0" skipped="0" failures="0">
  <properties>
[...]
</properties>
  <testcase name="testUsers[1][1]" classname="api.users.UsersRunner" time="6.786"/>
  <testcase name="testUsers[1][2]" classname="api.users.UsersRunner" time="1.727"/>
  <testcase name="testUsers[1][3]" classname="api.users.UsersRunner" time="1.392"/>
  <testcase name="testUsers[1][4]" classname="api.users.UsersRunner" time="1.441"/>
  <testcase name="testUsers[1][5]" classname="api.users.UsersRunner" time="2.27"/>
</testsuite>